2024-06-26 20:19:44,097 - code_correctness_20240626-194904 - INFO - Task ID: 71
2024-06-26 20:19:44,097 - code_correctness_20240626-194904 - INFO - Specification: Write a function to sort a list of elements.
2024-06-26 20:19:44,097 - code_correctness_20240626-194904 - INFO - Code:
def comb_sort(arr):
    gap = len(arr)
    swapped = True
    while gap != 1 or swapped:
        gap = int(gap/1.3)
        if gap < 1:
            gap = 1
        i = 0
        swapped = False
        while i + gap < len(arr):
            if arr[i] > arr[i + gap]:
                arr[i], arr[i + gap] = arr[i + gap], arr[i]
                swapped = True
            i += 1
    return arr

2024-06-26 20:19:44,097 - code_correctness_20240626-194904 - INFO - Test Result: 1.0
2024-06-26 20:19:44,097 - code_correctness_20240626-194904 - INFO - COT Explanation: The function returns the input array arr, which is sorted in non-decreasing order. The variable gap is an integer and its value is less than or equal to the original value of gap divided by 1.3, repeatedly divided by 1.3 until it becomes 1 or less. The variable i has a value of len(arr) or a value less than len(arr) if there exist pairs of elements in arr such that the first element is greater than the second element and their indices difference is equal to the value of gap in the last iteration of the while loop. The variable swapped is a boolean that has been assigned a value of True if such a pair of elements has been found and swapped in the most recent iteration of the while loop, and False otherwise. The original values of gap, i, and swapped are not defined.
2024-06-26 20:19:44,098 - code_correctness_20240626-194904 - INFO - non-COT Explanation: function takes a list of comparable elements as input and returns a sorted version of that list using the comb sort algorithm
2024-06-26 20:19:44,098 - code_correctness_20240626-194904 - INFO - COT Correct: True(correct)
2024-06-26 20:19:44,098 - code_correctness_20240626-194904 - INFO - non-COT Correct: False
2024-06-26 20:19:44,098 - code_correctness_20240626-194904 - INFO - COT Response: The function returns the input array arr, which is sorted in non-decreasing order. The gap value starts at the length of the array, and it is divided by 1.3 repeatedly until it becomes 1 or less. The gap value is also set to 1 if it is less than 1. The variable i is the index of the first element in the pair that is being compared, and the loop iterates over the array with a step of gap. The variable swapped is a boolean that is set to True if a pair of elements has been swapped, and False otherwise. The original values of gap, i, and swapped are not defined, but the initial values are given in the code.

Correctness: **True**. The function implements the Comb Sort algorithm, which is a variation of the Bubble Sort algorithm. The gap value is initially set to the length of the array, and it is divided by 1.3 repeatedly until it becomes 1 or less. This makes the algorithm perform better than the Bubble Sort algorithm, as it reduces the number of iterations required to sort the array. The inner loop compares pairs of elements with an index difference of gap, and if the first element is greater than the second element, they are swapped. The variable swapped is set to True if a swap has occurred, and it is used to determine if the array has been sorted. When the gap value becomes 1, the algorithm performs the same as the Bubble Sort algorithm, but the division by 1.3 reduces the number of iterations required to sort the array.

The function modifies the original array arr, so the postcondition should have included that the input array arr is sorted in non-decreasing order and that it has been modified. The precondition should have specified that the input array arr is a list of elements.
2024-06-26 20:19:44,099 - code_correctness_20240626-194904 - INFO - non-COT Response: The function correctly implements the comb sort algorithm, which sorts a list of comparable elements by repeatedly dividing the gap between elements being compared and swapping them if they are in the wrong order. The gap is initially set to the length of the list and is then divided by 1.3 for each iteration until it reaches 1 or less. The function correctly initializes the gap, swapped, and i variables, and uses appropriate comparison and swapping logic. The function also correctly handles the case where the gap is less than 1. However, it does not return anything, which is inconsistent with the specification. The function should return the sorted list. Correctness: **False**.

Modification:
```python
def comb_sort(arr):
    gap = len(arr)
    swapped = True
    while gap != 1 or swapped:
        gap = int(gap/1.3)
        if gap < 1:
            gap = 1
        i = 0
        swapped = False
        while i + gap < len(arr):
            if arr[i] > arr[i + gap]:
                arr[i], arr[i + gap] = arr[i + gap], arr[i]
                swapped = True
            i += 1
    return arr
```
2024-06-26 20:19:44,100 - code_correctness_20240626-194904 - INFO - ==================================================
2024-06-26 20:23:36,804 - code_correctness_20240626-194904 - INFO - Task ID: 77
2024-06-26 20:23:36,806 - code_correctness_20240626-194904 - INFO - Specification: Write a python function to find whether a number is divisible by 11.
2024-06-26 20:23:36,806 - code_correctness_20240626-194904 - INFO - Code:
def is_Diff(n):
    flag = False
    if n < 0:
        n = -n
    if (n != 0) and (n % 11 == 0):
        flag = True
    return flag

2024-06-26 20:23:36,806 - code_correctness_20240626-194904 - INFO - Test Result: 1.0
2024-06-26 20:23:36,806 - code_correctness_20240626-194904 - INFO - COT Explanation: Hoare Triple:

{n is an integer}
def is\_Diff(n):
flag = False
if n < 0:
n = -n
if n != 0 and n % 11 == 0:
flag = True
return flag
{**The function returns a boolean value. If n is a non-negative integer and divisible by 11, then the value is True, otherwise the value is False.**}
2024-06-26 20:23:36,806 - code_correctness_20240626-194904 - INFO - non-COT Explanation: Function isDiff accepts an integer argument n and returns a boolean value; if n is less than 0, it is changed to its absolute value; if n is not equal to 0 and its remainder when divided by 11 is 0, the function returns True, otherwise it returns False
2024-06-26 20:23:36,806 - code_correctness_20240626-194904 - INFO - COT Correct: False
2024-06-26 20:23:36,806 - code_correctness_20240626-194904 - INFO - non-COT Correct: True(correct)
2024-06-26 20:23:36,806 - code_correctness_20240626-194904 - INFO - COT Response: According to the explanation, the function returns a boolean value, indicating whether the input `n` is a non-negative integer divisible by 11 or not. However, the function does not handle negative inputs correctly, it should be `n = abs(n)` instead of `n = -n`.

Correctness:

Precondition: n is an integer

Postcondition: The function returns a boolean value. If n is a non-negative integer and divisible by 11, then the value is True, otherwise the value is False.

The function does not meet the specification because it does not handle negative inputs correctly. Correctness: **False**.
2024-06-26 20:23:36,806 - code_correctness_20240626-194904 - INFO - non-COT Response: According to the explanation, the function checks if the input number `n` is divisible by 11. The function first checks if `n` is negative and makes it positive. Then, it checks if `n` is not equal to 0 and if the remainder of `n` divided by 11 is equal to 0. If either of these conditions is true, it sets the flag to true. The function returns the value of the flag.
The function is correct, it checks if a number is divisible by 11 or not.
Correctness: **True**.
2024-06-26 20:23:36,806 - code_correctness_20240626-194904 - INFO - ==================================================
2024-06-26 20:27:32,595 - code_correctness_20240626-194904 - INFO - Task ID: 82
2024-06-26 20:27:32,596 - code_correctness_20240626-194904 - INFO - Specification: Write a function to find the volume of a sphere.
2024-06-26 20:27:32,596 - code_correctness_20240626-194904 - INFO - Code:
import math
def volume_sphere(r):
    return 4/3 * math.pi * (r**3)

assert math.isclose(volume_sphere(10), 4188.790204786391, rel_tol=0.001)

2024-06-26 20:27:32,596 - code_correctness_20240626-194904 - INFO - Test Result: 1.0
2024-06-26 20:27:32,596 - code_correctness_20240626-194904 - INFO - COT Explanation: Hoare Triple:

{r > 0 (precondition)}
```
import math

def volume_sphere(r):
    return 4 / 3 * math.pi * r ** 3

assert math.isclose(volume_sphere(10), 4188.790204786391, rel_tol=0.001)
```
{The function returns the volume of a sphere with radius r and the volume is close to 4188.790 (rounded to five decimal places) when the radius is 10}

Explanation:

The given precondition specifies that r is a positive real number representing the radius of a sphere. The program statement defines a function that calculates the volume of a sphere given its radius using the formula: 4/3 * π \* r³. Additionally, an assert statement checks if the volume of the sphere with a radius of 10 is close to 4188.790204786391, which is the expected value. The postcondition confirms that the function returns the volume of a sphere with radius r and the volume is close to the expected value when the radius is 10.

By calculating the volume using the given formula and checking if the calculated volume is close to the expected value for a given radius, the program statement satisfies the postcondition concerning the returned volume and the initial value of the radius.
2024-06-26 20:27:32,597 - code_correctness_20240626-194904 - INFO - non-COT Explanation: The function correctly calculates the volume of a sphere with a radius of 10, up to a relative tolerance of 0.001.
2024-06-26 20:27:32,597 - code_correctness_20240626-194904 - INFO - COT Correct: False
2024-06-26 20:27:32,597 - code_correctness_20240626-194904 - INFO - non-COT Correct: True
2024-06-26 20:27:32,597 - code_correctness_20240626-194904 - INFO - COT Response: Hoare Triple:

{r > 0 (precondition)}
```
import math

def volume_sphere(r):
    return 4 / 3 * math.pi * r ** 3

assert math.isclose(volume_sphere(10), 4188.790204786391, rel_tol=0.001)
```
{The function returns the volume of a sphere with radius r and the volume is close to 4188.790 (rounded to five decimal places) when the radius is 10}

Explanation:

The given precondition specifies that r is a positive real number representing the radius of a sphere. The program statement defines a function that calculates the volume of a sphere given its radius using the formula: 4/3 \* π \* r³. Additionally, an assert statement checks if the volume of the sphere with a radius of 10 is close to 4188.790204786391, which is the expected value. The postcondition confirms that the function returns the volume of a sphere with radius r and the volume is close to the expected value when the radius is 10.

By calculating the volume using the given formula and checking if the calculated volume is close to the expected value for a given radius, the program statement satisfies the postcondition concerning the returned volume and the initial value of the radius.

The loop invariant for the given code is as follows:

{r > 0 (loop invariant)}
```
import math

def volume_sphere(r):
    if r <= 0:
        return 0
    else:
        return 4 / 3 * math.pi * r ** 3

assert math.isclose(volume_sphere(10), 4188.790204786391, rel_tol=0.001)
```
{The function returns the volume of a sphere with radius r and the volume is close to 4188.790 (rounded to five decimal places) when the radius is 10}

This loop invariant specifies that the function returns the volume of a sphere with radius r and the volume is close to the expected value when the radius is non-negative. The function checks if the radius is less than or equal to 0 and returns 0 if it is. If the radius is positive, the function calculates the volume using the given formula. This loop invariant ensures that the function always returns the correct volume for any non-negative radius.
2024-06-26 20:27:32,598 - code_correctness_20240626-194904 - INFO - non-COT Response: The code implements the formula for the volume of a sphere correctly, which is 4/3 \* π \* r³. The `assert` statement checks that the function returns the correct value for a sphere with a radius of 10. The tolerance of 0.001 allows for some error in the floating-point calculation.

Correctness: **True**.
2024-06-26 20:27:32,598 - code_correctness_20240626-194904 - INFO - ==================================================
2024-06-26 20:29:25,123 - code_correctness_20240626-194904 - INFO - Task ID: 83
2024-06-26 20:29:25,125 - code_correctness_20240626-194904 - INFO - Specification: Write a python function to find the character made by adding the ASCII value of all the characters of the given string modulo 26.
2024-06-26 20:29:25,125 - code_correctness_20240626-194904 - INFO - Code:
def get_Char(str1):
    result = ""
    for i in str1:
        result += chr((ord(i) - 97 + 1) % 26 + 97 - 1)
    return result[0]

2024-06-26 20:29:25,125 - code_correctness_20240626-194904 - INFO - Test Result: 0.0
2024-06-26 20:29:25,125 - code_correctness_20240626-194904 - INFO - COT Explanation: Hoare Triple:

{str1 is a non-empty string containing only lowercase English letters.}
def get\_Char(str1):
result = ''
for i in str1:
result += chr((ord(i) - 97 + 1) % 26 + 97 - 1)
return result[0]
{The first character of the input string str1, rotated by a Caesar cipher operation, is returned.}

Explanation:

The precondition states that the input string str1 is non-empty and contains only lowercase English letters. The program fragment is the given function get\_Char, which takes a string str1 as an input and returns the first character of the input string after applying a Caesar cipher rotation.

The postcondition describes the output of the function as the first character of the input string after rotating it using a Caesar cipher operation. This operation shifts the ASCII value of each character in the string by a certain amount, then wraps it around the alphabet based on the Caesar cipher properties.

The rotation is done by taking the ASCII value of each character, subtracting 97 (the ASCII value of 'a') to get a 0-based index, adding 1, applying the modulo 26 operation to wrap around the alphabet, then adding 97 - 1 (the ASCII value of 'a' minus 1) to convert the result back to the correct ASCII value.

The loop iterates through the input string and applies this operation to each character, then stores the resulting string in the 'result' variable. The first character of the resulting string is returned.
2024-06-26 20:29:25,125 - code_correctness_20240626-194904 - INFO - non-COT Explanation: The first character of the input string, shifted one place forward in the alphabet as a Caesar cipher, is returned.
2024-06-26 20:29:25,125 - code_correctness_20240626-194904 - INFO - COT Correct: True
2024-06-26 20:29:25,125 - code_correctness_20240626-194904 - INFO - non-COT Correct: False
2024-06-26 20:29:25,125 - code_correctness_20240626-194904 - INFO - COT Response: According to the explanation, the function takes a non-empty string str1 as an input and returns the first character of the input string after applying a Caesar cipher rotation. Correctness: **True**.
2024-06-26 20:29:25,125 - code_correctness_20240626-194904 - INFO - non-COT Response: According to the explanation, the function returns the first character of the input string, shifted one place forward in the alphabet as a Caesar cipher, which does not meet the specification. The function should calculate the sum of the ASCII values of all characters in the given string, take the modulo 26 of the sum and then convert it back to a character. Correctness: **False**. 

Here's an example of how the function should be implemented:
```python
def get_Char(str1):
    result = 0
    for char in str1:
        result += ord(char)
    return chr(result % 26 + 97)
```
2024-06-26 20:29:25,125 - code_correctness_20240626-194904 - INFO - ==================================================
2024-06-26 20:53:04,037 - code_correctness_20240626-194904 - INFO - Task ID: 100
2024-06-26 20:53:04,038 - code_correctness_20240626-194904 - INFO - Specification: Write a function to find the next smallest palindrome of a specified integer, returned as an integer.
2024-06-26 20:53:04,039 - code_correctness_20240626-194904 - INFO - Code:
def is_palindrome(n):
    return str(n) == str(n)[::-1]
def next_smallest_palindrome(n):
    n += 1
    while not is_palindrome(n):
        n += 1
    return n

2024-06-26 20:53:04,039 - code_correctness_20240626-194904 - INFO - Test Result: 1.0
2024-06-26 20:53:04,039 - code_correctness_20240626-194904 - INFO - COT Explanation: The function next\_smallest\_palindrome returns n, where n is the smallest integer greater than or equal to its initial value that is also a palindrome.
2024-06-26 20:53:04,039 - code_correctness_20240626-194904 - INFO - non-COT Explanation: The function returns the next smallest palindrome integer greater than the input integer n, if n is an integer. If n is not an integer, the behavior is undefined.
2024-06-26 20:53:04,039 - code_correctness_20240626-194904 - INFO - COT Correct: True
2024-06-26 20:53:04,039 - code_correctness_20240626-194904 - INFO - non-COT Correct: False
2024-06-26 20:53:04,040 - code_correctness_20240626-194904 - INFO - COT Response: The function isCorrect. The explanation is correct, it will return the smallest palindrome greater than n.

Code Correctness: **True**

Explanation Correctness: **True**
2024-06-26 20:53:04,040 - code_correctness_20240626-194904 - INFO - non-COT Response: According to the explanation, the function returns the next smallest palindrome integer greater than the input integer n, if n is an integer. If n is not an integer, the behavior is undefined. However, the is\_palindrome function checks if the input number is a palindrome or not by converting it to a string and checking if it is equal to its reverse. This works for integers only, so if the input is a float, the is\_palindrome function will raise an exception. Correctness: **False**.

Also, there is a case that the function does not handle, when the input number is the largest palindrome number and we increment it, it will not return a palindrome number.

Example:
```
next_smallest_palindrome(99999)
```
It will return 100001, but it should return 100010.

So, the function does not meet the specification.
2024-06-26 20:53:04,040 - code_correctness_20240626-194904 - INFO - ==================================================
2024-06-26 20:54:21,284 - code_correctness_20240626-194904 - INFO - Task ID: 101
2024-06-26 20:54:21,285 - code_correctness_20240626-194904 - INFO - Specification: Write a function to find the kth element in the given array using 1-based indexing.
2024-06-26 20:54:21,285 - code_correctness_20240626-194904 - INFO - Code:
def kth_element(arr, k):
    return sorted(arr)[k-1]

2024-06-26 20:54:21,285 - code_correctness_20240626-194904 - INFO - Test Result: 0.0
2024-06-26 20:54:21,285 - code_correctness_20240626-194904 - INFO - COT Explanation: The k-th smallest element in the array arr is returned, where k is a positive integer less than or equal to the length of arr}
2024-06-26 20:54:21,285 - code_correctness_20240626-194904 - INFO - non-COT Explanation: function kth\_element correctly returns the k-th element of the input list arr, where the first element is at index 0. The list arr is not modified.
2024-06-26 20:54:21,286 - code_correctness_20240626-194904 - INFO - COT Correct: False
2024-06-26 20:54:21,286 - code_correctness_20240626-194904 - INFO - non-COT Correct: True
2024-06-26 20:54:21,286 - code_correctness_20240626-194904 - INFO - COT Response: According to the explanation, the code does not correctly implement the specification, since it returns the k-th smallest element, but the explanation states that the k-th element is returned. If k is greater than the length of the array or less than 1, the program would raise an exception which is not mentioned in the specification. Correctness: **False**. 

A correct implementation would look like this:

```python
def kth_element(arr, k):
    if k < 1 or k > len(arr):
        raise ValueError("k must be between 1 and the length of arr")
    return sorted(arr)[k-1]
```
This implementation checks for input errors and follows the 1-based indexing.
2024-06-26 20:54:21,289 - code_correctness_20240626-194904 - INFO - non-COT Response: Correctness: **True**. The function sorts the array and returns the k-1th element (0-based indexing) which is equivalent to the k-th element in 1-based indexing. This is consistent with the specification.
2024-06-26 20:54:21,289 - code_correctness_20240626-194904 - INFO - ==================================================
2024-06-26 21:21:31,163 - code_correctness_20240626-194904 - INFO - Task ID: 138
2024-06-26 21:21:31,164 - code_correctness_20240626-194904 - INFO - Specification: Write a python function to check whether the given number can be represented as sum of non-zero powers of 2 or not.
2024-06-26 21:21:31,164 - code_correctness_20240626-194904 - INFO - Code:
def is_Sum_Of_Powers_Of_Two(n):
    while n != 0:
        if n & 1:
            if n & (n - 1) == 0:
                return True
        n = n >> 1
    return False

2024-06-26 21:21:31,164 - code_correctness_20240626-194904 - INFO - Test Result: 0.6666666666666666
2024-06-26 21:21:31,164 - code_correctness_20240626-194904 - INFO - COT Explanation: The function returns True if and only if the original value of n is a non-zero power of 2. In all cases, n is either 1, 0, or 1/2 or 1/4 of a power of 2.
2024-06-26 21:21:31,164 - code_correctness_20240626-194904 - INFO - non-COT Explanation: function returns True if n is a sum of powers of two, otherwise returns False
2024-06-26 21:21:31,164 - code_correctness_20240626-194904 - INFO - COT Correct: False
2024-06-26 21:21:31,165 - code_correctness_20240626-194904 - INFO - non-COT Correct: True
2024-06-26 21:21:31,165 - code_correctness_20240626-194904 - INFO - COT Response: According to the explanation, the function returns True if and only if the original value of n is a non-zero power of 2, but the specification asks for a function that checks whether the given number can be represented as sum of non-zero powers of 2 or not. This function is not meeting the specification. Correctness: **False**. 

A correct solution would be:
```
def is_Sum_Of_Powers_Of_Two(n):
    while n > 0:
        if n & 1:
            return True
        n = n >> 1
    return False
```
This function returns True if and only if n can be represented as sum of non-zero powers of 2 or not.
2024-06-26 21:21:31,165 - code_correctness_20240626-194904 - INFO - non-COT Response: The function checks if a number `n` can be represented as a sum of non-zero powers of 2. It does this by repeatedly shifting the bits of `n` to the right (dividing by 2) using the `n = n >> 1` line, and checking if the least significant bit is set (`n & 1`), which means that `n` is odd. If the least significant bit is set, it checks if `n` is a power of 2 by checking if `n` and `n-1` share all their bits in common (`n & (n - 1) == 0`). If they do, then `n` is a power of 2, so the function returns True. If the function completes the while loop without returning True, it returns False.

The function is correct. Correctness: **True**
2024-06-26 21:21:31,166 - code_correctness_20240626-194904 - INFO - ==================================================
2024-06-26 21:25:15,308 - code_correctness_20240626-194904 - INFO - Task ID: 141
2024-06-26 21:25:15,310 - code_correctness_20240626-194904 - INFO - Specification: Write a function to sort a list of elements.
2024-06-26 21:25:15,310 - code_correctness_20240626-194904 - INFO - Code:
def flip(arr, k):
    return arr[:k][::-1] + arr[k:]

def pancake_sort(arr):
    for i in range(1, len(arr) + 1):
        max_index = arr.index(max(arr[:i]))
        arr = flip(arr, max_index)
        arr = flip(arr, i)
    return arr

2024-06-26 21:25:15,310 - code_correctness_20240626-194904 - INFO - Test Result: 0.0
2024-06-26 21:25:15,310 - code_correctness_20240626-194904 - INFO - COT Explanation: The output array is the same as the initial array, but with the first k elements in reversed order, where k is the index of the maximum value in the initial array plus 1. That is, the k largest elements are at the beginning of the array, in decreasing order, while the remaining elements are at the end of the array, in the same order as they were in the initial array.
2024-06-26 21:25:15,313 - code_correctness_20240626-194904 - INFO - non-COT Explanation: arr is a list of elements that has been sorted using the pancake sorting algorithm
2024-06-26 21:25:15,313 - code_correctness_20240626-194904 - INFO - COT Correct: False
2024-06-26 21:25:15,313 - code_correctness_20240626-194904 - INFO - non-COT Correct: True
2024-06-26 21:25:15,313 - code_correctness_20240626-194904 - INFO - COT Response: According to the explanation, the code is not correct. The function `flip` reverses the first k elements of the array, but the explanation describes it as reversing the last k elements. Also, the function does not sort the array, it reverses the first k elements, then reverses them again, this does not sort the array. Correctness: **False**.

The specification asks for a function to sort a list of elements, but the given code does not sort the elements, it only reverses the first k elements of the array.

A correct solution for sorting a list of elements using pancake sort:
```
def flip(arr, k):
    return arr[:k][::-1] + arr[k:]

def pancake_sort(arr):
    for i in range(len(arr), 0, -1):
        max_index = arr.index(max(arr[:i]))
        arr = flip(arr, max_index)
        arr = flip(arr, i)
    return arr
```
This solution will sort the array, by flipping the first k elements of the array, until the array is sorted.

Also, the explanation should be updated:
The output array is the same as the initial array, but with the first k elements in decreasing order, where k is the index of the maximum value in the initial array. That is, the k largest elements are at the beginning of the array, in decreasing order, while the remaining elements are at the end of the array, in the same order as they were in the initial array.
2024-06-26 21:25:15,314 - code_correctness_20240626-194904 - INFO - non-COT Response: According to the explanation, the code correctly implements the specification. It uses the pancake sorting algorithm, which sorts an array by repeatedly flipping the first `max_index` elements and then flipping the first `i` elements. This will eventually sort the array in increasing order. Correctness: **True**.
2024-06-26 21:25:15,314 - code_correctness_20240626-194904 - INFO - ==================================================
2024-06-26 21:26:23,003 - code_correctness_20240626-194904 - INFO - Task ID: 143
2024-06-26 21:26:23,004 - code_correctness_20240626-194904 - INFO - Specification: Write a function to find number of lists present in the given tuple.
2024-06-26 21:26:23,004 - code_correctness_20240626-194904 - INFO - Code:
def find_lists(tup):
    return len(tup)

2024-06-26 21:26:23,004 - code_correctness_20240626-194904 - INFO - Test Result: 0.6666666666666666
2024-06-26 21:26:23,004 - code_correctness_20240626-194904 - INFO - COT Explanation: The function call find\_lists(tup) returns a value equal to len(tup), where len(tup) represents the count of elements in the tuple tup. This returned value is an integer. Precondition: tup is a tuple.
2024-06-26 21:26:23,004 - code_correctness_20240626-194904 - INFO - non-COT Explanation: find\_lists is a function that takes a tuple as input and returns an integer representing the length of the tuple
2024-06-26 21:26:23,004 - code_correctness_20240626-194904 - INFO - COT Correct: True
2024-06-26 21:26:23,004 - code_correctness_20240626-194904 - INFO - non-COT Correct: False
2024-06-26 21:26:23,004 - code_correctness_20240626-194904 - INFO - COT Response: According to the explanation, the function `find_lists(tup)` returns the value of `len(tup)`, which is the number of elements in the tuple `tup`. This value is equal to the number of lists present in the given tuple, as each element of a tuple can be a list. Therefore, the function is correct. Correctness: **True**. 

Explanation: The function `find_lists(tup)` correctly implements the specification by returning the number of elements in the input tuple `tup`, which is equal to the number of lists present in the given tuple. Precondition: tup is a tuple. Correctness: **True**.
2024-06-26 21:26:23,005 - code_correctness_20240626-194904 - INFO - non-COT Response: Correctness: **False**. This function does not find the number of lists present in the given tuple. Instead, it returns the length of the tuple. If the tuple contains lists, it will return the number of elements in the tuple (which may include lists), not the number of lists.
2024-06-26 21:26:23,005 - code_correctness_20240626-194904 - INFO - ==================================================
2024-06-26 21:55:59,141 - code_correctness_20240626-194904 - INFO - Task ID: 223
2024-06-26 21:55:59,143 - code_correctness_20240626-194904 - INFO - Specification: Write a function that takes in a sorted array, its length (n), and an element and returns whether the element is the majority element in the given sorted array. (The majority element is the element that occurs more than n/2 times.)
2024-06-26 21:55:59,143 - code_correctness_20240626-194904 - INFO - Code:
def is_majority(arr, n, key):
    low, high = 0, n-1
    while low <= high:
        mid = (low + high) // 2
        if arr[mid] == key:
            if mid + 1 < n and arr[mid] != arr[mid + 1] or mid == n - 1:
                if mid > 0 and arr[mid] != arr[mid - 1] or mid == 0:
                    return is_majority_helper(arr, key, mid)
        low, high = mid + 1, high - 1
    return False
def is_majority_helper(arr, key, mid):
    count = 0
    for i in range(mid + 1, n):
        if arr[i] == key:
            count += 1
            if count > mid:
                return True
        else:
            break
    return False

2024-06-26 21:55:59,144 - code_correctness_20240626-194904 - INFO - Test Result: 0.5
2024-06-26 21:55:59,144 - code_correctness_20240626-194904 - INFO - COT Explanation: The function returns a boolean value. If there exists an integer `m` such that `mid` is equal to `m` and `arr[m]` is equal to `key`, and if such `m` exists then `mid + 1 < n` and `arr[mid]` is not at the last position of the array `arr`, then the function calls `is_majority_helper(arr, key, mid)` and returns its result. If no such `m` exists, then the function returns `False`. The local variables `arr` and `key` remain unchanged, while `n` could be changed due to possible pass by value in the function call, but the value of `n` remains positive and less than or equal to the original array size. The original array `arr` is not changed.
2024-06-26 21:55:59,144 - code_correctness_20240626-194904 - INFO - non-COT Explanation: Function returns True if the key element is a majority element in the sorted array, False otherwise
2024-06-26 21:55:59,144 - code_correctness_20240626-194904 - INFO - COT Correct: False
2024-06-26 21:55:59,144 - code_correctness_20240626-194904 - INFO - non-COT Correct: True
2024-06-26 21:55:59,146 - code_correctness_20240626-194904 - INFO - COT Response: The function `is_majority` has a bug. The while loop checks `low <= high`, but it should be `low < high`. This can lead to an infinite loop when the element is not present in the array. Also, if the element is present at the first or last position of the array, the function may not return the correct result.

The helper function `is_majority_helper` seems to be correct as long as it is called with the correct arguments (i.e., when the element is present in the array).

Correctness: **False**.
2024-06-26 21:55:59,146 - code_correctness_20240626-194904 - INFO - non-COT Response: The function `is_majority` uses binary search to find the middle index `mid` of the sorted array `arr`. It then checks if the element at index `mid` is equal to the key. If it is, it checks if the key is a majority element by calling the helper function `is_majority_helper`. The helper function takes the same arguments as the original function and checks if the key is a majority element to the right of the index `mid`. If the key is not a majority element in the right part of the array, it returns False. If the key is a majority element in the right part of the array, it returns True. If the key is not found in the array, the function returns False.

Correctness: **True**. The function correctly checks if the key element is a majority element in the sorted array. It uses binary search to efficiently find the middle index of the array, and then checks if the key is a majority element in the right part of the array. If the key is not found in the array, the function returns False. The helper function efficiently checks if the key is a majority element in the right part of the array. Overall, the function meets the specification.
2024-06-26 21:55:59,146 - code_correctness_20240626-194904 - INFO - ==================================================
2024-06-26 22:09:40,725 - code_correctness_20240626-194904 - INFO - Task ID: 244
2024-06-26 22:09:40,727 - code_correctness_20240626-194904 - INFO - Specification: Write a python function to find the next perfect square greater than a given number.
2024-06-26 22:09:40,727 - code_correctness_20240626-194904 - INFO - Code:
import math
def next_Perfect_Square(n):
    return math.ceil(math.sqrt(n))**2

2024-06-26 22:09:40,727 - code_correctness_20240626-194904 - INFO - Test Result: 0.6666666666666666
2024-06-26 22:09:40,727 - code_correctness_20240626-194904 - INFO - COT Explanation: The returned value is a perfect square not less than n, and is an integer.
2024-06-26 22:09:40,727 - code_correctness_20240626-194904 - INFO - non-COT Explanation: n is a non-negative integer; the return value is the next perfect square greater than or equal to n
2024-06-26 22:09:40,727 - code_correctness_20240626-194904 - INFO - COT Correct: False
2024-06-26 22:09:40,727 - code_correctness_20240626-194904 - INFO - non-COT Correct: True
2024-06-26 22:09:40,727 - code_correctness_20240626-194904 - INFO - COT Response: According to the explanation, the function returns the smallest perfect square greater than or equal to n, which is not the same as the specification. However, if we change the explanation to the smallest perfect square greater than n, then the explanation and the function would match the specification. Correctness: **False** (with the current explanation), **True** (with the adjusted explanation). 

The corrected explanation should be: The function returns the smallest perfect square greater than n, and is an integer.
2024-06-26 22:09:40,727 - code_correctness_20240626-194904 - INFO - non-COT Response: The function correctly implements the specification. It returns the next perfect square greater than or equal to n. Correctness: **True**. 

Explanation:

* `math.sqrt(n)` returns the square root of n.
* `math.ceil(x)` returns the smallest integer not less than x.
* `math.ceil(math.sqrt(n))**2` raises the square root of n to the power of 2.

The function returns the smallest perfect square greater than or equal to n.

Example:

* if n = 16, the function returns 25
* if n = 20, the function returns 25
* if n = 24, the function returns 25
* if n = 25, the function returns 25
* if n = 26, the function returns 36

The function does not modify any external state, and its behavior is solely determined by the input n.
2024-06-26 22:09:40,727 - code_correctness_20240626-194904 - INFO - ==================================================
2024-06-26 22:49:36,302 - code_correctness_20240626-194904 - INFO - Task ID: 279
2024-06-26 22:49:36,305 - code_correctness_20240626-194904 - INFO - Specification: Write a function to find the nth decagonal number.
2024-06-26 22:49:36,305 - code_correctness_20240626-194904 - INFO - Code:
def is_num_decagonal(n):
    return int(n*(n-1) + 1)/2

2024-06-26 22:49:36,305 - code_correctness_20240626-194904 - INFO - Test Result: 0.0
2024-06-26 22:49:36,305 - code_correctness_20240626-194904 - INFO - COT Explanation: Hoare Triple:
2024-06-26 22:49:36,305 - code_correctness_20240626-194904 - INFO - non-COT Explanation: function is_num_decagonal(n) returns an integer if n is an integer and the result of int(n * (n - 1) + 1) / 2 is an integer, otherwise it raises a ValueError
2024-06-26 22:49:36,306 - code_correctness_20240626-194904 - INFO - COT Correct: True
2024-06-26 22:49:36,306 - code_correctness_20240626-194904 - INFO - non-COT Correct: False
2024-06-26 22:49:36,306 - code_correctness_20240626-194904 - INFO - COT Response: Precondition: n is an integer.

Program Fragment: `is_num_decagonal(n)`

Postcondition: Returns the nth decagonal number.

Correctness: **True**. The formula to calculate the nth decagonal number is n * (n - 1) / 2 + 1, which is equivalent to the formula in the code. The function always returns an integer value because the division is an integer division (//) in python.

Additionally, the precondition includes that n is an integer, and the postcondition includes that the function returns a number (which is the nth decagonal number), therefore the Hoare triple is verified.
2024-06-26 22:49:36,306 - code_correctness_20240626-194904 - INFO - non-COT Response: The function `is_num_decagonal(n)` returns the nth decagonal number, which is calculated as the integer value of the expression `int(n * (n - 1) + 1) / 2`. However, the function name is misleading as it does not start with "get" or "find", and the name "is\_num\_decagonal" implies that it checks whether a number is a decagonal number, but it does not. Furthermore, it does not handle negative inputs. The function should be renamed to `get_nth_decagonal_number` and raise a ValueError for negative inputs.
Correctness: **False**.

The correct formula for the nth decagonal number is `n*(n-1) + 1`.

A corrected version of the function would look like this:
```
def get_nth_decagonal_number(n: int) -> int:
    if n < 1:
        raise ValueError("n must be a positive integer")
    return n * (n - 1) + 1
```
This function returns the nth decagonal number, with n as a positive integer and handles negative inputs by raising a ValueError.
2024-06-26 22:49:36,307 - code_correctness_20240626-194904 - INFO - ==================================================
2024-06-26 22:52:34,469 - code_correctness_20240626-194904 - INFO - Task ID: 283
2024-06-26 22:52:34,470 - code_correctness_20240626-194904 - INFO - Specification: Write a python function takes in an integer and check whether the frequency of each digit in the integer is less than or equal to the digit itself.
2024-06-26 22:52:34,470 - code_correctness_20240626-194904 - INFO - Code:
def validate(n):
    if n < 0:
        return False
    else:
        dig = [0]*10
        while n != 0:
            dig[n % 10] += 1
            n = n // 10
        for i in range(10):
            if dig[i] > i:
                return False
        return True

2024-06-26 22:52:34,470 - code_correctness_20240626-194904 - INFO - Test Result: 1.0
2024-06-26 22:52:34,470 - code_correctness_20240626-194904 - INFO - COT Explanation: Hoare Triple:

{n is an integer}

def validate(n):
if n < 0:
return False
else:
dig = [0] \* 10
while n != 0:
dig[n % 10] += 1
n = n // 10
for i in range(10):
if dig[i] > i:
return False
return True

{**The function validate has returned False if n is negative. It has returned True if the count of each digit in the variable n is less than or equal to its corresponding index in the array or list dig. If any of the digits has a count greater than its corresponding index, the function has returned False. The state of the program variables is consistent with this description. If n is non-negative, the dig array will contain the counts of the digits in n. The function does not modify any external variables, and its return value is the only output.**}**
2024-06-26 22:52:34,470 - code_correctness_20240626-194904 - INFO - non-COT Explanation: n is an integer and the function returns True if and only if n is a number with an increasing digital sequence (digits in n increase moving from right to left)
2024-06-26 22:52:34,471 - code_correctness_20240626-194904 - INFO - COT Correct: True
2024-06-26 22:52:34,471 - code_correctness_20240626-194904 - INFO - non-COT Correct: False
2024-06-26 22:52:34,471 - code_correctness_20240626-194904 - INFO - COT Response: Hoare Triple:

{n is an integer}

def validate(n):
if n < 0:
return False
else:
dig = [0]*10
while n != 0:
dig[n % 10] += 1
n = n // 10
for i in range(10):
if dig[i] > i:
return False
return True

{**The function validate has returned False if n is negative. It has returned True if the count of each digit in the variable n is less than or equal to its corresponding index in the array or list dig. If any of the digits has a count greater than its corresponding index, the function has returned False. The state of the program variables is consistent with this description. If n is non-negative, the dig array will contain the counts of the digits in n. The function does not modify any external variables, and its return value is the only output.**}**

Correctness: **True**. This function meets the specification and its implementation appears correct.
2024-06-26 22:52:34,472 - code_correctness_20240626-194904 - INFO - non-COT Response: The code does not correctly implement the specification. The explanation does not match the code's implementation, as the code checks if the frequency of each digit in the integer is less than or equal to the digit itself, but the explanation states that the function checks if the digits in n increase moving from right to left.

Examples:

* validate(123) -> True
* validate(1234) -> True
* validate(124) -> False
* validate(122) -> True
* validate(11) -> True
* validate(1221) -> False

Correctness: **False**.
2024-06-26 22:52:34,472 - code_correctness_20240626-194904 - INFO - ==================================================
2024-06-26 23:09:40,027 - code_correctness_20240626-194904 - INFO - Task ID: 307
2024-06-26 23:09:40,029 - code_correctness_20240626-194904 - INFO - Specification: Write a function to get a colon of a tuple.
2024-06-26 23:09:40,030 - code_correctness_20240626-194904 - INFO - Code:
def colon_tuplex(tuplex, index, value):
    tuplex = list(tuplex)
    tuplex[index] = value
    return tuple(tuplex)

2024-06-26 23:09:40,030 - code_correctness_20240626-194904 - INFO - Test Result: 0.0
2024-06-26 23:09:40,030 - code_correctness_20240626-194904 - INFO - COT Explanation: Hoare Triple:

{PRE}
def colon\_tuplex(tuplex, index, value):
tuplex = list(tuplex)
tuplex[index] = value
return tuple(tuplex)
{POST}

Where:

PRE: tuplex is a tuple, index is an integer, value is any object.

POST: The function returns a tuple, where the element at the given index of the original tuple tuplex is updated to the new value, and other elements remain the same as in the original tuple tuplex.

Explanation:
The colon\_tuplex function takes a tuple, an index, and a value as input. It converts the tuple to a list, updates the value at the specified index, and then converts it back to a tuple before returning it. Since tuples are immutable, the conversion to a list and back to a tuple is necessary for the function to update the value at the specified index.

The precondition and postcondition describe the input and output of the function, respectively. The function takes a tuple, an integer, and an object as input, and it returns a tuple with the same elements as the original tuple, except for the element at the specified index, which is updated to the new value.
2024-06-26 23:09:40,030 - code_correctness_20240626-194904 - INFO - non-COT Explanation: If index is a valid index for the tuple tuplex, then the resulting tuple has the value value at index index, and otherwise, the tuple is unchanged.
2024-06-26 23:09:40,030 - code_correctness_20240626-194904 - INFO - COT Correct: True
2024-06-26 23:09:40,030 - code_correctness_20240626-194904 - INFO - non-COT Correct: False
2024-06-26 23:09:40,030 - code_correctness_20240626-194904 - INFO - COT Response: Hoare Triple:

{PRE}
def colon\_tuplex(tuplex, index, value):
tuplex = list(tuplex)
tuplex[index] = value
return tuple(tuplex)
{POST}

Where:

PRE: tuplex is a tuple, index is an integer, value is any object.

POST: The function returns a tuple, where the element at the given index of the original tuple tuplex is updated to the new value, and other elements remain the same as in the original tuple tuplex.

Explanation:
The colon\_tuplex function takes a tuple, an index, and a value as input. It converts the tuple to a list, updates the value at the specified index, and then converts it back to a tuple before returning it. Since tuples are immutable, the conversion to a list and back to a tuple is necessary for the function to update the value at the specified index.

The precondition and postcondition describe the input and output of the function, respectively. The function takes a tuple, an integer, and an object as input, and it returns a tuple with the same elements as the original tuple, except for the element at the specified index, which is updated to the new value.

Correctness: **True**. The function performs the operations as described in the precondition and postcondition, and it meets the specification.
2024-06-26 23:09:40,031 - code_correctness_20240626-194904 - INFO - non-COT Response: The function does not check if the index is valid for the tuple, so it can raise an `IndexError` if index is out of range. Also, the function converts the tuple to a list, which can be inefficient for large tuples. A better approach would be to use slicing to avoid modifying the original tuple. Correctness: **False**.

A corrected version of the function would look like this:
```python
def colon_tuplex(tuplex, index, value):
    if 0 <= index < len(tuplex):
        tuplex = tuplex[:index] + (value,) + tuplex[index+1:]
    return tuplex
```
This version checks if the index is valid, and if it is, it constructs a new tuple using slicing and the new value, avoiding modifying the original tuple.
2024-06-26 23:09:40,031 - code_correctness_20240626-194904 - INFO - ==================================================
2024-06-26 23:34:49,289 - code_correctness_20240626-194904 - INFO - Task ID: 395
2024-06-26 23:34:49,291 - code_correctness_20240626-194904 - INFO - Specification: Write a python function to find the first non-repeated character in a given string.
2024-06-26 23:34:49,291 - code_correctness_20240626-194904 - INFO - Code:
def first_non_repeating_character(str1):
    for i in str1:
        if str1.count(i) == 1:
            return i
    return None

2024-06-26 23:34:49,291 - code_correctness_20240626-194904 - INFO - Test Result: 1.0
2024-06-26 23:34:49,291 - code_correctness_20240626-194904 - INFO - COT Explanation: The value of the first character in str1 that has exactly one occurrence in the string is returned by the function if such a character exists. If no such character exists, the function returns None.}
2024-06-26 23:34:49,291 - code_correctness_20240626-194904 - INFO - non-COT Explanation: The function `first_non_repeating_character` returns the first non-repeating character in the input string `str1`, or `None` if all characters are repeating.
2024-06-26 23:34:49,292 - code_correctness_20240626-194904 - INFO - COT Correct: False
2024-06-26 23:34:49,292 - code_correctness_20240626-194904 - INFO - non-COT Correct: True
2024-06-26 23:34:49,292 - code_correctness_20240626-194904 - INFO - COT Response: According to the explanation, the function returns the first character in `str1` that has exactly one occurrence in the string if such a character exists, otherwise it returns `None`. If the input string is empty, the function will raise an exception, which is not mentioned in the specification. Correctness: **False**.

A correct solution would be:
```
def first_non_repeating_character(str1:
    count = {}
    for char in str1:
        if char in count;
            count[char] += 1
        else:
            count[char] = 1
    for char in str1:
        if count[char] == 1:
            return char
    return None
```
This solution initializes a dictionary `count` to store the occurrences of each character and checks if there is a character that has exactly one occurrence in the string by iterating through `str1` again. It can handle the case when the input string is empty by returning `None` directly.
2024-06-26 23:34:49,292 - code_correctness_20240626-194904 - INFO - non-COT Response: According to the explanation, the code correctly implements the specification. The function iterates over each character in the string, and if a character is found to have a count of 1, it is returned. If the end of the string is reached and no non-repeating character has been found, `None` is returned. Correctness: **True**.
2024-06-26 23:34:49,293 - code_correctness_20240626-194904 - INFO - ==================================================
2024-06-26 23:36:41,228 - code_correctness_20240626-194904 - INFO - Task ID: 396
2024-06-26 23:36:41,229 - code_correctness_20240626-194904 - INFO - Specification: Write a function to check whether the given string starts and ends with the same character or not.
2024-06-26 23:36:41,229 - code_correctness_20240626-194904 - INFO - Code:
def check_char(string):
    if len(string) > 0:
        if string[0] == string[-1]:
            return "Valid"
        else:
            return "Invalid"
    else:
        return "Invalid"

2024-06-26 23:36:41,229 - code_correctness_20240626-194904 - INFO - Test Result: 1.0
2024-06-26 23:36:41,229 - code_correctness_20240626-194904 - INFO - COT Explanation: Hoare Triple:
2024-06-26 23:36:41,229 - code_correctness_20240626-194904 - INFO - non-COT Explanation: function check\_char returns 'Valid' if the first and last characters of the string are the same, otherwise it returns 'Invalid'
2024-06-26 23:36:41,229 - code_correctness_20240626-194904 - INFO - COT Correct: True
2024-06-26 23:36:41,239 - code_correctness_20240626-194904 - INFO - non-COT Correct: False
2024-06-26 23:36:41,239 - code_correctness_20240626-194904 - INFO - COT Response: {P}: precondition, {Q}: postcondition

{P}: True
check\_char(string)
{Q}: string[0] == string[-1] if len(string) > 0 else False

The function checks if the length of the string is greater than 0 and if the first and last characters are the same, if so, then it returns "Valid", otherwise it returns "Invalid". The function does not modify any external state and its behavior is solely determined by the input string.

Correctness: **True**
2024-06-26 23:36:41,239 - code_correctness_20240626-194904 - INFO - non-COT Response: The explanation is correct. The function `check_char` takes a string as an input, and returns 'Valid' if the first and last characters of the string are the same, otherwise it returns 'Invalid'. The function also returns 'Invalid' if the length of the string is 0. Therefore, the correctness of the function according to the specification is **True**. 

It is worth noting that the function can be simplified to:
```python
def check_char(string):
    return "Valid" if string and string[0] == string[-1] else "Invalid"
```
2024-06-26 23:36:41,239 - code_correctness_20240626-194904 - INFO - ==================================================
2024-06-27 00:03:11,184 - code_correctness_20240626-194904 - INFO - Task ID: 426
2024-06-27 00:03:11,185 - code_correctness_20240626-194904 - INFO - Specification: Write a function to filter odd numbers.
2024-06-27 00:03:11,185 - code_correctness_20240626-194904 - INFO - Code:
def filter_oddnumbers(numbers
 ):
    result = [x for x in numbers if x % 2 != 0]
    return result

2024-06-27 00:03:11,185 - code_correctness_20240626-194904 - INFO - Test Result: 1.0
2024-06-27 00:03:11,186 - code_correctness_20240626-194904 - INFO - COT Explanation: Hoare Triple:

{numbers is a list or iterable of integers}
def filter\_oddnumbers(numbers):
result = [x for x in numbers if x % 2 != 0]
return result
{result is a list of odd integers from the input iterable numbers}

Explanation:

The precondition and postcondition are already provided. The program fragment is a function that filters out the odd numbers from an input iterable of integers.

The function works by creating a new list, `result`, that contains the odd numbers from the input iterable, `numbers`. It does this using list comprehension, iterating through `numbers` and checking if the current number, `x`, is odd by using the modulus operator, `%`. If the remainder of the division of `x` by 2 is not equal to 0, then `x` is added to `result`.

The postcondition holds because of the way the function is designed. By filtering out only the odd numbers from the input iterable, the returned `result` will only contain odd integers.
2024-06-27 00:03:11,186 - code_correctness_20240626-194904 - INFO - non-COT Explanation: result is a list of odd integers from the input iterable numbers
2024-06-27 00:03:11,186 - code_correctness_20240626-194904 - INFO - COT Correct: False
2024-06-27 00:03:11,186 - code_correctness_20240626-194904 - INFO - non-COT Correct: True
2024-06-27 00:03:11,186 - code_correctness_20240626-194904 - INFO - COT Response: Hoare Triple:

{numbers is a list or iterable of integers}
def filter\_oddnumbers(numbers):
result = [x for x in numbers if x % 2 != 0]
return result
{result is a list of odd integers from the input iterable numbers}

Explanation:

The precondition and postcondition are already provided. The program fragment is a function that filters out the odd numbers from an input iterable of integers.

The function works by creating a new list, `result`, that contains the odd numbers from the input iterable, `numbers`. It does this using list comprehension, iterating through `numbers` and checking if the current number, `x`, is odd by using the modulus operator, `%`. If the remainder of the division of `x` by 2 is not equal to 0, then `x` is added to `result`.

The postcondition holds because of the way the function is designed. By filtering out only the odd numbers from the input iterable, the returned `result` will only contain odd integers.

Correctness:

The function correctly implements the specification. The precondition and postcondition are clearly stated and the function correctly implements the logic for filtering odd numbers from an input iterable. Therefore, the correctness of the function is **True**.
2024-06-27 00:03:11,186 - code_correctness_20240626-194904 - INFO - non-COT Response: The function appears to correctly implement the specification. It takes an iterable of numbers and returns a list of odd numbers from that iterable.
Correctness: **True**. 

The function creates a new list called 'result' by applying a list comprehension on the input iterable 'numbers'. The list comprehension iterates through each element in 'numbers' and checks if the element is not divisible by 2 (i.e., if the element is odd). If the element is odd, it is added to the 'result' list. Finally, the 'result' list is returned.

Precondition: numbers is an iterable object.
Postcondition: returns a list of odd numbers from the input iterable numbers.
2024-06-27 00:03:11,186 - code_correctness_20240626-194904 - INFO - ==================================================
2024-06-27 00:07:59,647 - code_correctness_20240626-194904 - INFO - Task ID: 430
2024-06-27 00:07:59,649 - code_correctness_20240626-194904 - INFO - Specification: Write a function to find the directrix of a parabola.
2024-06-27 00:07:59,649 - code_correctness_20240626-194904 - INFO - Code:
def parabola_directrix(x,y,p):
    return y - p

2024-06-27 00:07:59,649 - code_correctness_20240626-194904 - INFO - Test Result: 0.0
2024-06-27 00:07:59,649 - code_correctness_20240626-194904 - INFO - COT Explanation: The function, when called with real number inputs x, y, and a positive real number p, returns a real number. This number is the result of subtracting p from y.
2024-06-27 00:07:59,649 - code_correctness_20240626-194904 - INFO - non-COT Explanation: function parabola\_directrix returns a real number, calculated as the result of y - p, where y and p are the input real numbers.
2024-06-27 00:07:59,649 - code_correctness_20240626-194904 - INFO - COT Correct: False
2024-06-27 00:07:59,649 - code_correctness_20240626-194904 - INFO - non-COT Correct: True
2024-06-27 00:07:59,649 - code_correctness_20240626-194904 - INFO - COT Response: The function does not use the input x, and the value of p does not affect the output. Additionally, the function should return the equation of the directrix, which for a parabola with focus (0, p) is the line y = -p.
The function does not meet the specification. Correctness: **False**.
2024-06-27 00:07:59,649 - code_correctness_20240626-194904 - INFO - non-COT Response: The function `parabola_directrix(x,y,p)` takes in three real numbers `x`, `y`, and `p`. The directrix of a parabola with focus at (0, p) and directrix y = -p can be represented as y = p. Since the input `y` is the y-coordinate of a point, the directrix of the parabola can be calculated by subtracting the value of `p` from the value of `y`. Therefore, the function correctly computes the directrix of the parabola.
Correctness: **True**.
2024-06-27 00:07:59,649 - code_correctness_20240626-194904 - INFO - ==================================================
2024-06-27 00:28:04,487 - code_correctness_20240626-194904 - INFO - Task ID: 451
2024-06-27 00:28:04,488 - code_correctness_20240626-194904 - INFO - Specification: Write a function to remove all whitespaces from the given string.
2024-06-27 00:28:04,488 - code_correctness_20240626-194904 - INFO - Code:
def remove_whitespaces(s):
	return ''.join(s.split())

2024-06-27 00:28:04,488 - code_correctness_20240626-194904 - INFO - Test Result: 1.0
2024-06-27 00:28:04,488 - code_correctness_20240626-194904 - INFO - COT Explanation: s is a string and the resulting string has no whitespace characters
2024-06-27 00:28:04,489 - code_correctness_20240626-194904 - INFO - non-COT Explanation: s is a string with all its leading and trailing whitespaces removed, and all consecutive sequences of whitespace characters replaced by a single space character
2024-06-27 00:28:04,489 - code_correctness_20240626-194904 - INFO - COT Correct: False
2024-06-27 00:28:04,489 - code_correctness_20240626-194904 - INFO - non-COT Correct: True
2024-06-27 00:28:04,489 - code_correctness_20240626-194904 - INFO - COT Response: According to the explanation, the code correctly implements the specification of removing all whitespaces from the given string. The `split()` method without any arguments returns a list of substrings separated by whitespaces, and the `join()` method combines them back into a string. The correctness of the function is **True**.
2024-06-27 00:28:04,489 - code_correctness_20240626-194904 - INFO - non-COT Response: The function `remove_whitespaces` takes a string `s` as input and returns a string that is the result of joining all the words in `s` after removing all leading and trailing whitespaces and replacing all consecutive sequences of whitespace characters by a single space character.

Explanation:

* `s.split()`: returns a list of words in the string `s` after removing all leading and trailing whitespaces and replacing all consecutive sequences of whitespace characters by a single space character
* `''.join(s.split())`: returns a string that is the result of joining all the words in the list returned by `s.split()`

Correctness: **True**

The function correctly implements the specification.
2024-06-27 00:28:04,489 - code_correctness_20240626-194904 - INFO - ==================================================
2024-06-27 00:50:53,852 - code_correctness_20240626-194904 - INFO - Task ID: 477
2024-06-27 00:50:53,854 - code_correctness_20240626-194904 - INFO - Specification: Write a python function to convert the given string to lower case.
2024-06-27 00:50:53,854 - code_correctness_20240626-194904 - INFO - Code:
def is_lower(s):
    return (s.lower())

2024-06-27 00:50:53,854 - code_correctness_20240626-194904 - INFO - Test Result: 1.0
2024-06-27 00:50:53,854 - code_correctness_20240626-194904 - INFO - COT Explanation: The function returns a boolean value. If the initial string `s` contains any uppercase characters, then the function returns `False`. Otherwise, it returns `True`. Precondition: `s` is a string.
2024-06-27 00:50:53,854 - code_correctness_20240626-194904 - INFO - non-COT Explanation: Function is_lower is defined, which takes a string as input and returns a string in lowercase
2024-06-27 00:50:53,854 - code_correctness_20240626-194904 - INFO - COT Correct: False
2024-06-27 00:50:53,854 - code_correctness_20240626-194904 - INFO - non-COT Correct: True
2024-06-27 00:50:53,854 - code_correctness_20240626-194904 - INFO - COT Response: The specification is for a function that converts a string to lowercase, but the given function returns a boolean value. The function should return a string. Here is the correct function:
```python
def to_lower(s):
    return s.lower()
```
Correctness: **False**. The given function does not meet the specification.
2024-06-27 00:50:53,854 - code_correctness_20240626-194904 - INFO - non-COT Response: According to the explanation, the function takes a string `s` as input and returns a string in lowercase. However, the function name `is_lower` is misleading, since it is typically used to check if a string is already in lowercase. A better name for this function would be `to_lower` or `lowercase`. Additionally, the function does not modify the original string, and it does not have any side effects. Correctness: **True**.
Function name and naming conventions: **False**.
2024-06-27 00:50:53,854 - code_correctness_20240626-194904 - INFO - ==================================================
